
=== Mon Dec  9 15:21:55 2019

Packages were changed.
Update Mode: mergeDefaultDependencies

The following packages were added:
  com.unity.ext.nunit@1.0.0
  com.unity.test-framework@1.1.1
  com.unity.ide.vscode@1.1.0
  com.unity.ide.rider@1.1.0
  com.unity.ugui@1.0.0
  com.unity.modules.androidjni@1.0.0
The following packages were updated:
  com.unity.timeline from version 1.1.0 to 1.2.2

=== Mon Mar  2 13:55:55 2020

Packages were changed.
Update Mode: updateDependencies

The following packages were updated:
  com.unity.ide.vscode from version 1.1.3 to 1.1.4
  com.unity.postprocessing from version 2.1.7 to 2.3.0
  com.unity.probuilder from version 4.1.2 to 4.2.3
  com.unity.render-pipelines.high-definition from version 7.1.5 to 7.1.8
  com.unity.test-framework from version 1.1.8 to 1.1.11
  com.unity.timeline from version 1.2.9 to 1.2.12

=== Thu Jun 18 01:20:25 2020

Packages were changed.
Update Mode: updateDependencies

The following packages were updated:
  com.unity.ide.vscode from version 1.1.4 to 1.2.0
  com.unity.render-pipelines.high-definition from version 7.1.8 to 7.3.1
  com.unity.test-framework from version 1.1.11 to 1.1.14
